2026-02-19 11:45:18 | ERROR    | core.microservice:send_req:28 - gRPC call failed: StatusCode.UNAVAILABLE - failed to connect to all addresses; last error: UNKNOWN: ipv4:127.0.0.1:50051: Failed to connect to remote host: connect: Connection refused (111)
2026-02-19 11:45:18 | INFO     | core.api:log_and_catch_middleware:270 - IP: 127.0.0.1 | GET /BLE/start | Status: 200
2026-02-19 11:46:16 | INFO     | core.microservice:close:34 - gRPC connection closed
2026-02-19 11:46:30 | INFO     | core.microservice:connect:16 - gRPC connected to localhost:50051
2026-02-19 11:48:33 | INFO     | core.microservice:close:34 - gRPC connection closed
2026-02-19 11:48:47 | INFO     | core.microservice:connect:16 - gRPC connected to localhost:50051
2026-02-19 11:49:52 | INFO     | core.microservice:close:34 - gRPC connection closed
2026-02-19 11:50:05 | INFO     | core.microservice:connect:16 - gRPC connected to localhost:50051
2026-02-19 11:51:51 | INFO     | core.microservice:close:34 - gRPC connection closed
2026-02-19 11:52:09 | ERROR    | core.microservice:connect:22 - Failed to connect to gRPC server at localhost:50051 (Timeout)
2026-02-19 11:52:29 | ERROR    | core.microservice:connect:22 - Failed to connect to gRPC server at localhost:50051 (Timeout)
2026-02-19 11:53:40 | ERROR    | core.microservice:connect:22 - Failed to connect to gRPC server at localhost:50051 (Timeout)
2026-02-19 11:54:35 | ERROR    | core.microservice:connect:22 - Failed to connect to gRPC server at localhost:50051 (Timeout)
2026-02-19 12:01:50 | ERROR    | core.microservice:connect:22 - Failed to connect to gRPC server at localhost:50051 (Timeout)
2026-02-19 16:39:20 | ERROR    | core.microservice:connect:33 - Could not connect to UserSvc: 
2026-02-19 16:40:37 | ERROR    | core.microservice:connect:33 - Could not connect to greeting service: 
2026-02-19 16:40:58 | ERROR    | core.microservice:connect:33 - Could not connect to greeting servic: 
2026-02-19 16:43:30 | ERROR    | core.microservice:connect:33 - Could not connect to greeting servic: 
2026-02-19 16:43:51 | ERROR    | core.microservice:connect:33 - Could not connect to greeting servic: 
2026-02-19 16:44:31 | ERROR    | core.microservice:connect:34 - Could not connect to greeting servic: 
2026-02-19 16:44:52 | ERROR    | core.microservice:connect:34 - Could not connect to greeting servic: 
